2022-01-17 16:59:56 [34mINFO [0;39m [36mplay.api.http.EnabledFilters[0;39m [35m[0;39m Enabled Filters (see <https://www.playframework.com/documentation/latest/Filters>):

    play.filters.csrf.CSRFFilter
    play.filters.headers.SecurityHeadersFilter
    play.filters.hosts.AllowedHostsFilter

2022-01-17 16:59:56 [34mINFO [0;39m [36mplay.api.Play[0;39m [35m[0;39m Application started (Dev) (no global state)
2022-01-17 17:00:48 [1;31mERROR[0;39m [36mp.api.http.DefaultHttpErrorHandler[0;39m [35m[0;39m 

! @7mcijdad4 - Internal server error, for (GET) [/top100words/india] ->
 
play.sbt.PlayExceptions$CompilationException: Compilation error[type mismatch;
 found   : Unit
 required: scala.concurrent.Future[play.api.mvc.Result]]
	at play.sbt.PlayExceptions$CompilationException$.apply(PlayExceptions.scala:34)
	at play.sbt.PlayExceptions$CompilationException$.apply(PlayExceptions.scala:34)
	at scala.Option.map(Option.scala:230)
	at play.sbt.run.PlayReload$.$anonfun$taskFailureHandler$8(PlayReload.scala:131)
	at scala.Option.map(Option.scala:230)
	at play.sbt.run.PlayReload$.taskFailureHandler(PlayReload.scala:104)
	at play.sbt.run.PlayReload$.compileFailure(PlayReload.scala:38)
	at play.sbt.run.PlayReload$.$anonfun$compile$3(PlayReload.scala:156)
	at scala.util.Either$LeftProjection.map(Either.scala:573)
	at play.sbt.run.PlayReload$.compile(PlayReload.scala:156)
	at play.sbt.run.PlayRun$.$anonfun$playRunTask$4(PlayRun.scala:80)
	at play.runsupport.Reloader.$anonfun$reload$1(Reloader.scala:496)
	at play.runsupport.Reloader$$anon$1.run(Reloader.scala:57)
	at java.base/java.security.AccessController.doPrivileged(Native Method)
	at play.runsupport.Reloader$.play$runsupport$Reloader$$withReloaderContextClassLoader(Reloader.scala:63)
	at play.runsupport.Reloader.reload(Reloader.scala:496)
	at play.core.server.DevServerStart$$anon$1.get(DevServerStart.scala:147)
	at play.core.server.AkkaHttpServer.handleRequest(AkkaHttpServer.scala:302)
	at play.core.server.AkkaHttpServer.$anonfun$createServerBinding$1(AkkaHttpServer.scala:224)
	at akka.stream.impl.fusing.MapAsync$$anon$30.onPush(Ops.scala:1307)
	at akka.stream.impl.fusing.GraphInterpreter.processPush(GraphInterpreter.scala:542)
	at akka.stream.impl.fusing.GraphInterpreter.processEvent(GraphInterpreter.scala:496)
	at akka.stream.impl.fusing.GraphInterpreter.execute(GraphInterpreter.scala:390)
	at akka.stream.impl.fusing.GraphInterpreterShell.runBatch(ActorGraphInterpreter.scala:650)
	at akka.stream.impl.fusing.GraphInterpreterShell$AsyncInput.execute(ActorGraphInterpreter.scala:521)
	at akka.stream.impl.fusing.GraphInterpreterShell.processEvent(ActorGraphInterpreter.scala:625)
	at akka.stream.impl.fusing.ActorGraphInterpreter.akka$stream$impl$fusing$ActorGraphInterpreter$$processEvent(ActorGraphInterpreter.scala:800)
	at akka.stream.impl.fusing.ActorGraphInterpreter$$anonfun$receive$1.applyOrElse(ActorGraphInterpreter.scala:818)
	at akka.actor.Actor.aroundReceive(Actor.scala:537)
	at akka.actor.Actor.aroundReceive$(Actor.scala:535)
	at akka.stream.impl.fusing.ActorGraphInterpreter.aroundReceive(ActorGraphInterpreter.scala:716)
	at akka.actor.ActorCell.receiveMessage(ActorCell.scala:580)
	at akka.actor.ActorCell.invoke(ActorCell.scala:548)
	at akka.dispatch.Mailbox.processMailbox(Mailbox.scala:270)
	at akka.dispatch.Mailbox.run(Mailbox.scala:231)
	at akka.dispatch.Mailbox.exec(Mailbox.scala:243)
	at java.base/java.util.concurrent.ForkJoinTask.doExec(ForkJoinTask.java:290)
	at java.base/java.util.concurrent.ForkJoinPool$WorkQueue.topLevelExec(ForkJoinPool.java:1020)
	at java.base/java.util.concurrent.ForkJoinPool.scan(ForkJoinPool.java:1656)
	at java.base/java.util.concurrent.ForkJoinPool.runWorker(ForkJoinPool.java:1594)
	at java.base/java.util.concurrent.ForkJoinWorkerThread.run(ForkJoinWorkerThread.java:183)
2022-01-17 17:01:54 [34mINFO [0;39m [36mplay.api.http.EnabledFilters[0;39m [35m[0;39m Enabled Filters (see <https://www.playframework.com/documentation/latest/Filters>):

    play.filters.csrf.CSRFFilter
    play.filters.headers.SecurityHeadersFilter
    play.filters.hosts.AllowedHostsFilter

2022-01-17 17:01:54 [34mINFO [0;39m [36mplay.api.Play[0;39m [35m[0;39m Application started (Dev) (no global state)
2022-01-17 17:03:39 [34mINFO [0;39m [36mplay.api.http.EnabledFilters[0;39m [35m[0;39m Enabled Filters (see <https://www.playframework.com/documentation/latest/Filters>):

    play.filters.csrf.CSRFFilter
    play.filters.headers.SecurityHeadersFilter
    play.filters.hosts.AllowedHostsFilter

2022-01-17 17:03:39 [34mINFO [0;39m [36mplay.api.Play[0;39m [35m[0;39m Application started (Dev) (no global state)
2022-01-17 17:11:57 [34mINFO [0;39m [36mplay.api.http.EnabledFilters[0;39m [35m[0;39m Enabled Filters (see <https://www.playframework.com/documentation/latest/Filters>):

    play.filters.csrf.CSRFFilter
    play.filters.headers.SecurityHeadersFilter
    play.filters.hosts.AllowedHostsFilter

2022-01-17 17:11:57 [34mINFO [0;39m [36mplay.api.Play[0;39m [35m[0;39m Application started (Dev) (no global state)
2022-01-17 17:26:00 [34mINFO [0;39m [36mplay.api.http.EnabledFilters[0;39m [35m[0;39m Enabled Filters (see <https://www.playframework.com/documentation/latest/Filters>):

    play.filters.csrf.CSRFFilter
    play.filters.headers.SecurityHeadersFilter
    play.filters.hosts.AllowedHostsFilter

2022-01-17 17:26:00 [34mINFO [0;39m [36mplay.api.Play[0;39m [35m[0;39m Application started (Dev) (no global state)
2022-01-17 17:26:25 [34mINFO [0;39m [36mplay.api.http.EnabledFilters[0;39m [35m[0;39m Enabled Filters (see <https://www.playframework.com/documentation/latest/Filters>):

    play.filters.csrf.CSRFFilter
    play.filters.headers.SecurityHeadersFilter
    play.filters.hosts.AllowedHostsFilter

2022-01-17 17:26:25 [34mINFO [0;39m [36mplay.api.Play[0;39m [35m[0;39m Application started (Dev) (no global state)
2022-01-17 17:43:59 [34mINFO [0;39m [36mplay.api.http.EnabledFilters[0;39m [35m[0;39m Enabled Filters (see <https://www.playframework.com/documentation/latest/Filters>):

    play.filters.csrf.CSRFFilter
    play.filters.headers.SecurityHeadersFilter
    play.filters.hosts.AllowedHostsFilter

2022-01-17 17:43:59 [34mINFO [0;39m [36mplay.api.Play[0;39m [35m[0;39m Application started (Dev) (no global state)
2022-01-17 18:14:38 [31mWARN [0;39m [36mcom.zaxxer.hikari.pool.HikariPool[0;39m [35m[0;39m db - Thread starvation or clock leap detected (housekeeper delta=17m8s962ms).
2022-01-17 18:30:40 [31mWARN [0;39m [36mcom.zaxxer.hikari.pool.HikariPool[0;39m [35m[0;39m db - Thread starvation or clock leap detected (housekeeper delta=15m31s111ms).
2022-01-17 18:46:46 [31mWARN [0;39m [36mcom.zaxxer.hikari.pool.HikariPool[0;39m [35m[0;39m db - Thread starvation or clock leap detected (housekeeper delta=15m36s87ms).
2022-01-17 19:04:17 [31mWARN [0;39m [36mcom.zaxxer.hikari.pool.HikariPool[0;39m [35m[0;39m db - Thread starvation or clock leap detected (housekeeper delta=17m814ms).
2022-01-17 19:21:32 [31mWARN [0;39m [36mcom.zaxxer.hikari.pool.HikariPool[0;39m [35m[0;39m db - Thread starvation or clock leap detected (housekeeper delta=17m15s630ms).
2022-01-17 19:38:22 [31mWARN [0;39m [36mcom.zaxxer.hikari.pool.HikariPool[0;39m [35m[0;39m db - Thread starvation or clock leap detected (housekeeper delta=16m19s663ms).
2022-01-17 19:55:18 [31mWARN [0;39m [36mcom.zaxxer.hikari.pool.HikariPool[0;39m [35m[0;39m db - Thread starvation or clock leap detected (housekeeper delta=16m55s694ms).
2022-01-17 20:13:02 [31mWARN [0;39m [36mcom.zaxxer.hikari.pool.HikariPool[0;39m [35m[0;39m db - Thread starvation or clock leap detected (housekeeper delta=17m14s689ms).
2022-01-17 20:31:24 [31mWARN [0;39m [36mcom.zaxxer.hikari.pool.HikariPool[0;39m [35m[0;39m db - Thread starvation or clock leap detected (housekeeper delta=18m21s593ms).
2022-01-17 20:37:46 [31mWARN [0;39m [36mcom.zaxxer.hikari.pool.HikariPool[0;39m [35m[0;39m db - Thread starvation or clock leap detected (housekeeper delta=4m51s827ms).
2022-01-17 21:05:30 [31mWARN [0;39m [36mcom.zaxxer.hikari.pool.HikariPool[0;39m [35m[0;39m db - Thread starvation or clock leap detected (housekeeper delta=17m43s757ms).
2022-01-17 21:23:27 [31mWARN [0;39m [36mcom.zaxxer.hikari.pool.HikariPool[0;39m [35m[0;39m db - Thread starvation or clock leap detected (housekeeper delta=17m57s291ms).
2022-01-17 21:42:15 [31mWARN [0;39m [36mcom.zaxxer.hikari.pool.HikariPool[0;39m [35m[0;39m db - Thread starvation or clock leap detected (housekeeper delta=18m17s874ms).
2022-01-17 21:58:35 [31mWARN [0;39m [36mcom.zaxxer.hikari.pool.HikariPool[0;39m [35m[0;39m db - Thread starvation or clock leap detected (housekeeper delta=15m50s703ms).
2022-01-17 22:16:07 [31mWARN [0;39m [36mcom.zaxxer.hikari.pool.HikariPool[0;39m [35m[0;39m db - Thread starvation or clock leap detected (housekeeper delta=17m1s685ms).
2022-01-17 22:32:03 [31mWARN [0;39m [36mcom.zaxxer.hikari.pool.HikariPool[0;39m [35m[0;39m db - Thread starvation or clock leap detected (housekeeper delta=15m55s760ms).
2022-01-17 22:50:16 [31mWARN [0;39m [36mcom.zaxxer.hikari.pool.HikariPool[0;39m [35m[0;39m db - Thread starvation or clock leap detected (housekeeper delta=17m42s671ms).
2022-01-17 23:06:15 [31mWARN [0;39m [36mcom.zaxxer.hikari.pool.HikariPool[0;39m [35m[0;39m db - Thread starvation or clock leap detected (housekeeper delta=15m29s209ms).
2022-01-17 23:23:35 [31mWARN [0;39m [36mcom.zaxxer.hikari.pool.HikariPool[0;39m [35m[0;39m db - Thread starvation or clock leap detected (housekeeper delta=17m19s803ms).
2022-01-18 00:25:35 [31mWARN [0;39m [36mcom.zaxxer.hikari.pool.HikariPool[0;39m [35m[0;39m db - Retrograde clock change detected (housekeeper delta=29s831ms), soft-evicting connections from pool.
2022-01-18 02:27:07 [31mWARN [0;39m [36mcom.zaxxer.hikari.pool.HikariPool[0;39m [35m[0;39m db - Retrograde clock change detected (housekeeper delta=29s846ms), soft-evicting connections from pool.
2022-01-18 05:03:44 [31mWARN [0;39m [36mcom.zaxxer.hikari.pool.HikariPool[0;39m [35m[0;39m db - Thread starvation or clock leap detected (housekeeper delta=17m35s917ms).
2022-01-18 05:20:41 [31mWARN [0;39m [36mcom.zaxxer.hikari.pool.HikariPool[0;39m [35m[0;39m db - Thread starvation or clock leap detected (housekeeper delta=16m26s667ms).
2022-01-18 05:37:39 [31mWARN [0;39m [36mcom.zaxxer.hikari.pool.HikariPool[0;39m [35m[0;39m db - Thread starvation or clock leap detected (housekeeper delta=16m58s859ms).
2022-01-18 05:55:04 [31mWARN [0;39m [36mcom.zaxxer.hikari.pool.HikariPool[0;39m [35m[0;39m db - Thread starvation or clock leap detected (housekeeper delta=16m54s73ms).
2022-01-18 06:12:09 [31mWARN [0;39m [36mcom.zaxxer.hikari.pool.HikariPool[0;39m [35m[0;39m db - Thread starvation or clock leap detected (housekeeper delta=16m35s727ms).
2022-01-18 06:29:07 [31mWARN [0;39m [36mcom.zaxxer.hikari.pool.HikariPool[0;39m [35m[0;39m db - Thread starvation or clock leap detected (housekeeper delta=16m27s685ms).
2022-01-18 06:47:21 [31mWARN [0;39m [36mcom.zaxxer.hikari.pool.HikariPool[0;39m [35m[0;39m db - Thread starvation or clock leap detected (housekeeper delta=18m13s691ms).
2022-01-18 07:06:04 [31mWARN [0;39m [36mcom.zaxxer.hikari.pool.HikariPool[0;39m [35m[0;39m db - Thread starvation or clock leap detected (housekeeper delta=18m13s872ms).
2022-01-18 07:23:06 [31mWARN [0;39m [36mcom.zaxxer.hikari.pool.HikariPool[0;39m [35m[0;39m db - Thread starvation or clock leap detected (housekeeper delta=16m31s585ms).
2022-01-18 07:41:28 [31mWARN [0;39m [36mcom.zaxxer.hikari.pool.HikariPool[0;39m [35m[0;39m db - Thread starvation or clock leap detected (housekeeper delta=18m21s690ms).
2022-01-18 07:58:35 [31mWARN [0;39m [36mcom.zaxxer.hikari.pool.HikariPool[0;39m [35m[0;39m db - Thread starvation or clock leap detected (housekeeper delta=16m36s828ms).
2022-01-18 08:16:23 [31mWARN [0;39m [36mcom.zaxxer.hikari.pool.HikariPool[0;39m [35m[0;39m db - Thread starvation or clock leap detected (housekeeper delta=17m18s497ms).
2022-01-18 08:33:29 [31mWARN [0;39m [36mcom.zaxxer.hikari.pool.HikariPool[0;39m [35m[0;39m db - Thread starvation or clock leap detected (housekeeper delta=16m35s992ms).
2022-01-18 08:51:17 [31mWARN [0;39m [36mcom.zaxxer.hikari.pool.HikariPool[0;39m [35m[0;39m db - Thread starvation or clock leap detected (housekeeper delta=17m47s619ms).
2022-01-18 09:07:39 [31mWARN [0;39m [36mcom.zaxxer.hikari.pool.HikariPool[0;39m [35m[0;39m db - Thread starvation or clock leap detected (housekeeper delta=15m51s779ms).
2022-01-18 09:25:05 [31mWARN [0;39m [36mcom.zaxxer.hikari.pool.HikariPool[0;39m [35m[0;39m db - Thread starvation or clock leap detected (housekeeper delta=17m26s713ms).
2022-01-18 09:25:35 [31mWARN [0;39m [36mcom.zaxxer.hikari.pool.HikariPool[0;39m [35m[0;39m db - Retrograde clock change detected (housekeeper delta=29s818ms), soft-evicting connections from pool.
2022-01-18 09:43:16 [31mWARN [0;39m [36mcom.zaxxer.hikari.pool.HikariPool[0;39m [35m[0;39m db - Thread starvation or clock leap detected (housekeeper delta=17m40s524ms).
2022-01-18 09:59:54 [31mWARN [0;39m [36mcom.zaxxer.hikari.pool.HikariPool[0;39m [35m[0;39m db - Thread starvation or clock leap detected (housekeeper delta=16m8s784ms).
2022-01-18 10:15:52 [31mWARN [0;39m [36mcom.zaxxer.hikari.pool.HikariPool[0;39m [35m[0;39m db - Thread starvation or clock leap detected (housekeeper delta=15m27s452ms).
2022-01-18 10:33:01 [31mWARN [0;39m [36mcom.zaxxer.hikari.pool.HikariPool[0;39m [35m[0;39m db - Thread starvation or clock leap detected (housekeeper delta=17m8s838ms).
2022-01-18 10:50:59 [31mWARN [0;39m [36mcom.zaxxer.hikari.pool.HikariPool[0;39m [35m[0;39m db - Thread starvation or clock leap detected (housekeeper delta=17m27s873ms).
2022-01-18 11:07:05 [31mWARN [0;39m [36mcom.zaxxer.hikari.pool.HikariPool[0;39m [35m[0;39m db - Thread starvation or clock leap detected (housekeeper delta=15m36s734ms).
2022-01-18 11:24:56 [31mWARN [0;39m [36mcom.zaxxer.hikari.pool.HikariPool[0;39m [35m[0;39m db - Thread starvation or clock leap detected (housekeeper delta=17m50s763ms).
2022-01-18 11:41:04 [31mWARN [0;39m [36mcom.zaxxer.hikari.pool.HikariPool[0;39m [35m[0;39m db - Thread starvation or clock leap detected (housekeeper delta=15m37s467ms).
2022-01-18 11:57:22 [31mWARN [0;39m [36mcom.zaxxer.hikari.pool.HikariPool[0;39m [35m[0;39m db - Thread starvation or clock leap detected (housekeeper delta=15m48s64ms).
2022-01-18 13:36:22 [31mWARN [0;39m [36mcom.zaxxer.hikari.pool.HikariPool[0;39m [35m[0;39m db - Thread starvation or clock leap detected (housekeeper delta=59m30s107ms).
2022-01-18 14:11:03 [31mWARN [0;39m [36mcom.zaxxer.hikari.pool.HikariPool[0;39m [35m[0;39m db - Thread starvation or clock leap detected (housekeeper delta=32m40s685ms).
2022-01-18 15:32:12 [31mWARN [0;39m [36mcom.zaxxer.hikari.pool.HikariPool[0;39m [35m[0;39m db - Thread starvation or clock leap detected (housekeeper delta=1h21m9s527ms).
2022-01-18 16:51:44 [31mWARN [0;39m [36mcom.zaxxer.hikari.pool.HikariPool[0;39m [35m[0;39m db - Thread starvation or clock leap detected (housekeeper delta=1h19m32s189ms).
2022-01-18 18:16:39 [31mWARN [0;39m [36mcom.zaxxer.hikari.pool.HikariPool[0;39m [35m[0;39m db - Thread starvation or clock leap detected (housekeeper delta=1h24m54s545ms).
2022-01-18 19:28:49 [31mWARN [0;39m [36mcom.zaxxer.hikari.pool.HikariPool[0;39m [35m[0;39m db - Thread starvation or clock leap detected (housekeeper delta=1h12m10s461ms).
2022-01-18 20:29:50 [31mWARN [0;39m [36mcom.zaxxer.hikari.pool.HikariPool[0;39m [35m[0;39m db - Retrograde clock change detected (housekeeper delta=29s871ms), soft-evicting connections from pool.
2022-01-18 21:54:05 [31mWARN [0;39m [36mcom.zaxxer.hikari.pool.HikariPool[0;39m [35m[0;39m db - Thread starvation or clock leap detected (housekeeper delta=1h14m15s57ms).
2022-01-18 23:16:56 [31mWARN [0;39m [36mcom.zaxxer.hikari.pool.HikariPool[0;39m [35m[0;39m db - Thread starvation or clock leap detected (housekeeper delta=1h22m50s676ms).
2022-01-19 00:41:00 [31mWARN [0;39m [36mcom.zaxxer.hikari.pool.HikariPool[0;39m [35m[0;39m db - Thread starvation or clock leap detected (housekeeper delta=1h24m4s823ms).
2022-01-19 02:04:41 [31mWARN [0;39m [36mcom.zaxxer.hikari.pool.HikariPool[0;39m [35m[0;39m db - Thread starvation or clock leap detected (housekeeper delta=1h23m40s748ms).
2022-01-19 03:25:48 [31mWARN [0;39m [36mcom.zaxxer.hikari.pool.HikariPool[0;39m [35m[0;39m db - Thread starvation or clock leap detected (housekeeper delta=1h21m6s911ms).
2022-01-19 04:49:31 [31mWARN [0;39m [36mcom.zaxxer.hikari.pool.HikariPool[0;39m [35m[0;39m db - Thread starvation or clock leap detected (housekeeper delta=1h23m42s743ms).
2022-01-19 06:12:08 [31mWARN [0;39m [36mcom.zaxxer.hikari.pool.HikariPool[0;39m [35m[0;39m db - Thread starvation or clock leap detected (housekeeper delta=1h22m37s50ms).
2022-01-19 07:31:07 [31mWARN [0;39m [36mcom.zaxxer.hikari.pool.HikariPool[0;39m [35m[0;39m db - Thread starvation or clock leap detected (housekeeper delta=1h18m59s384ms).
2022-01-19 08:50:02 [31mWARN [0;39m [36mcom.zaxxer.hikari.pool.HikariPool[0;39m [35m[0;39m db - Thread starvation or clock leap detected (housekeeper delta=1h18m55s133ms).
2022-01-19 10:13:04 [31mWARN [0;39m [36mcom.zaxxer.hikari.pool.HikariPool[0;39m [35m[0;39m db - Thread starvation or clock leap detected (housekeeper delta=1h23m1s807ms).
2022-01-19 11:18:18 [31mWARN [0;39m [36mcom.zaxxer.hikari.pool.HikariPool[0;39m [35m[0;39m db - Thread starvation or clock leap detected (housekeeper delta=1h5m13s944ms).
2022-01-19 11:59:44 [31mWARN [0;39m [36mcom.zaxxer.hikari.pool.HikariPool[0;39m [35m[0;39m db - Thread starvation or clock leap detected (housekeeper delta=41m25s820ms).
2022-01-19 12:30:44 [31mWARN [0;39m [36mcom.zaxxer.hikari.pool.HikariPool[0;39m [35m[0;39m db - Retrograde clock change detected (housekeeper delta=29s786ms), soft-evicting connections from pool.
2022-01-19 13:29:08 [31mWARN [0;39m [36mcom.zaxxer.hikari.pool.HikariPool[0;39m [35m[0;39m db - Thread starvation or clock leap detected (housekeeper delta=16m24s297ms).
2022-01-19 13:30:07 [31mWARN [0;39m [36mcom.zaxxer.hikari.pool.HikariPool[0;39m [35m[0;39m db - Thread starvation or clock leap detected (housekeeper delta=58s208ms).
2022-01-19 13:30:17 [34mINFO [0;39m [36mplay.core.server.AkkaHttpServer[0;39m [35m[0;39m Stopping Akka HTTP server...
2022-01-19 13:30:17 [34mINFO [0;39m [36mplay.core.server.AkkaHttpServer[0;39m [35m[0;39m Terminating server binding for /0:0:0:0:0:0:0:0:9000
2022-01-19 13:30:17 [34mINFO [0;39m [36mplay.core.server.AkkaHttpServer[0;39m [35m[0;39m Running provided shutdown stop hooks
